<?xml version="1.0" encoding="UTF-8"?>
<!-- Generated by org.testng.reporters.JUnitXMLReporter -->
<testsuite hostname="DESKTOP-URR3LUO" ignored="2" name="Verify valid user is able to login into the MercuryTours application by using valid username and password" tests="2" failures="0" timestamp="20 Oct 2019 18:48:19 GMT" time="17.051" errors="0">
  <testcase name="executeLaunch" time="9.482" classname="mt.mstr.modules.Launch"/>
  <testcase name="loginwithValidDetails" time="7.518" classname="mt.mstr.modules.Login"/>
  <testcase name="loginwithValidDetails1" time="0.0" classname="mt.mstr.modules.Login">
    <ignored/>
  </testcase> <!-- loginwithValidDetails1 -->
  <testcase name="loginwithInValidDetails" time="0.0" classname="mt.mstr.modules.Login">
    <ignored/>
  </testcase> <!-- loginwithInValidDetails -->
</testsuite> <!-- Verify valid user is able to login into the MercuryTours application by using valid username and password -->
