<?xml version="1.0" encoding="UTF-8"?>
<!-- Generated by org.testng.reporters.JUnitXMLReporter -->
<testsuite hostname="DESKTOP-URR3LUO" ignored="2" name="Verify valid user is  not able to login into the MercuryTours application by using Invalid username and password" tests="1" failures="0" timestamp="20 Oct 2019 18:48:24 GMT" time="4.067" errors="0">
  <testcase name="loginwithInValidDetails" time="4.048" classname="mt.mstr.modules.Login"/>
  <testcase name="loginwithValidDetails1" time="0.0" classname="mt.mstr.modules.Login">
    <ignored/>
  </testcase> <!-- loginwithValidDetails1 -->
  <testcase name="loginwithValidDetails" time="0.0" classname="mt.mstr.modules.Login">
    <ignored/>
  </testcase> <!-- loginwithValidDetails -->
</testsuite> <!-- Verify valid user is  not able to login into the MercuryTours application by using Invalid username and password -->
