<?xml version="1.0" encoding="UTF-8"?>
<!-- Generated by org.testng.reporters.JUnitXMLReporter -->
<testsuite hostname="DESKTOP-URR3LUO" ignored="1" name="Verify valid user is not able to login into the MercuryTours application by using invalid username and password" tests="2" failures="0" timestamp="20 Oct 2019 18:33:04 GMT" time="13.963" errors="0">
  <testcase name="executeLaunch" time="9.055" classname="mt.mstr.modules.Launch"/>
  <testcase name="loginwithInValidDetails" time="4.908" classname="mt.mstr.modules.Login"/>
  <testcase name="loginwithValidDetails" time="0.0" classname="mt.mstr.modules.Login">
    <ignored/>
  </testcase> <!-- loginwithValidDetails -->
</testsuite> <!-- Verify valid user is not able to login into the MercuryTours application by using invalid username and password -->
