<?xml version="1.0" encoding="UTF-8"?>
<!-- Generated by org.testng.reporters.JUnitXMLReporter -->
<testsuite hostname="DESKTOP-URR3LUO" ignored="2" name="Verify valid user is able to login into the MercuryTours application by using valid username and password" tests="2" failures="0" timestamp="19 Nov 2019 11:56:19 GMT" time="13.958" errors="0">
  <testcase name="executeLaunch" time="7.646" classname="mt.mstr.modules.Launch"/>
  <testcase name="loginwithValidDetails" time="6.241" classname="mt.mstr.modules.Login"/>
  <testcase name="loginwithValidDetails1" time="0.0" classname="mt.mstr.modules.Login">
    <ignored/>
  </testcase> <!-- loginwithValidDetails1 -->
  <testcase name="loginwithInValidDetails" time="0.0" classname="mt.mstr.modules.Login">
    <ignored/>
  </testcase> <!-- loginwithInValidDetails -->
</testsuite> <!-- Verify valid user is able to login into the MercuryTours application by using valid username and password -->
