<?xml version="1.0" encoding="UTF-8"?>
<testng-results skipped="0" failed="0" ignored="4" total="7" passed="3">
  <reporter-output>
  </reporter-output>
  <suite name="Suite" duration-ms="18253" started-at="2019-11-19T11:56:05Z" finished-at="2019-11-19T11:56:23Z">
    <groups>
    </groups>
    <test name="Verify valid user is able to login into the MercuryTours application by using valid username and password" duration-ms="13958" started-at="2019-11-19T11:56:05Z" finished-at="2019-11-19T11:56:19Z">
      <class name="mt.mstr.modules.Launch">
        <test-method status="PASS" signature="executeLaunch(java.lang.String, java.lang.String, int)[pri:0, instance:mt.mstr.modules.Launch@3f0ee7cb]" name="executeLaunch" duration-ms="7646" started-at="2019-11-19T11:56:05Z" finished-at="2019-11-19T11:56:13Z">
          <params>
            <param index="0">
              <value>
                <![CDATA[chrome]]>
              </value>
            </param>
            <param index="1">
              <value>
                <![CDATA[http://newtours.demoaut.com/mercurywelcome.php]]>
              </value>
            </param>
            <param index="2">
              <value>
                <![CDATA[15]]>
              </value>
            </param>
          </params>
          <reporter-output>
          </reporter-output>
        </test-method> <!-- executeLaunch -->
      </class> <!-- mt.mstr.modules.Launch -->
      <class name="mt.mstr.modules.Login">
        <test-method status="PASS" signature="loginwithValidDetails(java.lang.String, java.lang.String)[pri:1, instance:mt.mstr.modules.Login@75bd9247]" name="loginwithValidDetails" duration-ms="6241" started-at="2019-11-19T11:56:13Z" finished-at="2019-11-19T11:56:19Z">
          <params>
            <param index="0">
              <value>
                <![CDATA[Snehalp1]]>
              </value>
            </param>
            <param index="1">
              <value>
                <![CDATA[P@ssword1]]>
              </value>
            </param>
          </params>
          <reporter-output>
          </reporter-output>
        </test-method> <!-- loginwithValidDetails -->
      </class> <!-- mt.mstr.modules.Login -->
    </test> <!-- Verify valid user is able to login into the MercuryTours application by using valid username and password -->
    <test name="Verify valid user is  not able to login into the MercuryTours application by using Invalid username and password" duration-ms="4217" started-at="2019-11-19T11:56:19Z" finished-at="2019-11-19T11:56:23Z">
      <class name="mt.mstr.modules.Login">
        <test-method status="PASS" signature="loginwithInValidDetails(java.lang.String, java.lang.String)[pri:2, instance:mt.mstr.modules.Login@3f3afe78]" name="loginwithInValidDetails" duration-ms="4217" started-at="2019-11-19T11:56:19Z" finished-at="2019-11-19T11:56:23Z">
          <params>
            <param index="0">
              <value>
                <![CDATA[Snehal]]>
              </value>
            </param>
            <param index="1">
              <value>
                <![CDATA[Password]]>
              </value>
            </param>
          </params>
          <reporter-output>
          </reporter-output>
        </test-method> <!-- loginwithInValidDetails -->
      </class> <!-- mt.mstr.modules.Login -->
    </test> <!-- Verify valid user is  not able to login into the MercuryTours application by using Invalid username and password -->
  </suite> <!-- Suite -->
</testng-results>
